

Microchip MPLAB XC8 Assembler V2.05 build -831301201 
                                                                                               Mon May 27 23:39:39 2019

Microchip MPLAB XC8 C Compiler v2.05 (Free license) build 20181220022703 Og1 
     1                           	processor	16F877A
     2                           	opt	pw 120
     3                           	opt	flic
     4                           	psect	cinit,global,class=CODE,merge=1,delta=2
     5                           	psect	cstackCOMMON,global,class=COMMON,space=1,delta=1
     6                           	psect	cstackBANK0,global,class=BANK0,space=1,delta=1
     7                           	psect	maintext,global,class=CODE,split=1,delta=2
     8                           	psect	text1,local,class=CODE,merge=1,delta=2
     9                           	psect	text2,local,class=CODE,merge=1,delta=2
    10                           	psect	text3,local,class=CODE,merge=1,delta=2
    11                           	psect	text4,local,class=CODE,merge=1,delta=2
    12                           	psect	text5,local,class=CODE,merge=1,delta=2
    13                           	psect	text6,local,class=CODE,merge=1,delta=2
    14                           	psect	text7,local,class=CODE,merge=1,delta=2,group=1
    15                           	dabs	1,0x7E,2
    16  0000                     
    17                           ; Version 2.05
    18                           ; Generated 20/12/2018 GMT
    19                           ; 
    20                           ; Copyright © 2018, Microchip Technology Inc. and its subsidiaries ("Microchip")
    21                           ; All rights reserved.
    22                           ; 
    23                           ; This software is developed by Microchip Technology Inc. and its subsidiaries ("Microch
      +                          ip").
    24                           ; 
    25                           ; Redistribution and use in source and binary forms, with or without modification, are
    26                           ; permitted provided that the following conditions are met:
    27                           ; 
    28                           ;     1. Redistributions of source code must retain the above copyright notice, this lis
      +                          t of
    29                           ;        conditions and the following disclaimer.
    30                           ; 
    31                           ;     2. Redistributions in binary form must reproduce the above copyright notice, this 
      +                          list
    32                           ;        of conditions and the following disclaimer in the documentation and/or other
    33                           ;        materials provided with the distribution.
    34                           ; 
    35                           ;     3. Microchip's name may not be used to endorse or promote products derived from th
      +                          is
    36                           ;        software without specific prior written permission.
    37                           ; 
    38                           ; THIS SOFTWARE IS PROVIDED BY MICROCHIP "AS IS" AND ANY EXPRESS OR IMPLIED WARRANTIES,
    39                           ; INCLUDING, BUT NOT LIMITED TO, THE IMPLIED WARRANTIES OF MERCHANTABILITY AND FITNESS F
      +                          OR
    40                           ; PURPOSE ARE DISCLAIMED.  IN NO EVENT SHALL MICROCHIP BE LIABLE FOR ANY DIRECT, INDIREC
      +                          T,
    41                           ; INCIDENTAL, SPECIAL, EXEMPLARY, OR CONSEQUENTIAL DAMAGES (INCLUDING BUT NOT LIMITED TO
    42                           ; PROCUREMENT OF SUBSTITUTE GOODS OR SERVICES; LOSS OF USE, DATA OR PROFITS; OR BUSINESS
    43                           ; INTERRUPTION) HOWSOEVER CAUSED AND ON ANY THEORY OF LIABILITY, WHETHER IN CONTRACT, ST
      +                          RICT
    44                           ; LIABILITY, OR TORT (INCLUDING NEGLIGENCE OR OTHERWISE) ARISING IN ANY WAY OUT OF THE U
      +                          SE OF
    45                           ; THIS SOFTWARE, EVEN IF ADVISED OF THE POSSIBILITY OF SUCH DAMAGE.
    46                           ; 
    47                           ; 
    48                           ; Code-generator required, PIC16F877A Definitions
    49                           ; 
    50                           ; SFR Addresses
    51  0000                     	;# 
    52  0001                     	;# 
    53  0002                     	;# 
    54  0003                     	;# 
    55  0004                     	;# 
    56  0005                     	;# 
    57  0006                     	;# 
    58  0007                     	;# 
    59  0008                     	;# 
    60  0009                     	;# 
    61  000A                     	;# 
    62  000B                     	;# 
    63  000C                     	;# 
    64  000D                     	;# 
    65  000E                     	;# 
    66  000E                     	;# 
    67  000F                     	;# 
    68  0010                     	;# 
    69  0011                     	;# 
    70  0012                     	;# 
    71  0013                     	;# 
    72  0014                     	;# 
    73  0015                     	;# 
    74  0015                     	;# 
    75  0016                     	;# 
    76  0017                     	;# 
    77  0018                     	;# 
    78  0019                     	;# 
    79  001A                     	;# 
    80  001B                     	;# 
    81  001B                     	;# 
    82  001C                     	;# 
    83  001D                     	;# 
    84  001E                     	;# 
    85  001F                     	;# 
    86  0081                     	;# 
    87  0085                     	;# 
    88  0086                     	;# 
    89  0087                     	;# 
    90  0088                     	;# 
    91  0089                     	;# 
    92  008C                     	;# 
    93  008D                     	;# 
    94  008E                     	;# 
    95  0091                     	;# 
    96  0092                     	;# 
    97  0093                     	;# 
    98  0094                     	;# 
    99  0098                     	;# 
   100  0099                     	;# 
   101  009C                     	;# 
   102  009D                     	;# 
   103  009E                     	;# 
   104  009F                     	;# 
   105  010C                     	;# 
   106  010D                     	;# 
   107  010E                     	;# 
   108  010F                     	;# 
   109  018C                     	;# 
   110  018D                     	;# 
   111  0000                     	;# 
   112  0001                     	;# 
   113  0002                     	;# 
   114  0003                     	;# 
   115  0004                     	;# 
   116  0005                     	;# 
   117  0006                     	;# 
   118  0007                     	;# 
   119  0008                     	;# 
   120  0009                     	;# 
   121  000A                     	;# 
   122  000B                     	;# 
   123  000C                     	;# 
   124  000D                     	;# 
   125  000E                     	;# 
   126  000E                     	;# 
   127  000F                     	;# 
   128  0010                     	;# 
   129  0011                     	;# 
   130  0012                     	;# 
   131  0013                     	;# 
   132  0014                     	;# 
   133  0015                     	;# 
   134  0015                     	;# 
   135  0016                     	;# 
   136  0017                     	;# 
   137  0018                     	;# 
   138  0019                     	;# 
   139  001A                     	;# 
   140  001B                     	;# 
   141  001B                     	;# 
   142  001C                     	;# 
   143  001D                     	;# 
   144  001E                     	;# 
   145  001F                     	;# 
   146  0081                     	;# 
   147  0085                     	;# 
   148  0086                     	;# 
   149  0087                     	;# 
   150  0088                     	;# 
   151  0089                     	;# 
   152  008C                     	;# 
   153  008D                     	;# 
   154  008E                     	;# 
   155  0091                     	;# 
   156  0092                     	;# 
   157  0093                     	;# 
   158  0094                     	;# 
   159  0098                     	;# 
   160  0099                     	;# 
   161  009C                     	;# 
   162  009D                     	;# 
   163  009E                     	;# 
   164  009F                     	;# 
   165  010C                     	;# 
   166  010D                     	;# 
   167  010E                     	;# 
   168  010F                     	;# 
   169  018C                     	;# 
   170  018D                     	;# 
   171  0000                     	;# 
   172  0001                     	;# 
   173  0002                     	;# 
   174  0003                     	;# 
   175  0004                     	;# 
   176  0005                     	;# 
   177  0006                     	;# 
   178  0007                     	;# 
   179  0008                     	;# 
   180  0009                     	;# 
   181  000A                     	;# 
   182  000B                     	;# 
   183  000C                     	;# 
   184  000D                     	;# 
   185  000E                     	;# 
   186  000E                     	;# 
   187  000F                     	;# 
   188  0010                     	;# 
   189  0011                     	;# 
   190  0012                     	;# 
   191  0013                     	;# 
   192  0014                     	;# 
   193  0015                     	;# 
   194  0015                     	;# 
   195  0016                     	;# 
   196  0017                     	;# 
   197  0018                     	;# 
   198  0019                     	;# 
   199  001A                     	;# 
   200  001B                     	;# 
   201  001B                     	;# 
   202  001C                     	;# 
   203  001D                     	;# 
   204  001E                     	;# 
   205  001F                     	;# 
   206  0081                     	;# 
   207  0085                     	;# 
   208  0086                     	;# 
   209  0087                     	;# 
   210  0088                     	;# 
   211  0089                     	;# 
   212  008C                     	;# 
   213  008D                     	;# 
   214  008E                     	;# 
   215  0091                     	;# 
   216  0092                     	;# 
   217  0093                     	;# 
   218  0094                     	;# 
   219  0098                     	;# 
   220  0099                     	;# 
   221  009C                     	;# 
   222  009D                     	;# 
   223  009E                     	;# 
   224  009F                     	;# 
   225  010C                     	;# 
   226  010D                     	;# 
   227  010E                     	;# 
   228  010F                     	;# 
   229  018C                     	;# 
   230  018D                     	;# 
   231  0013                     _SSPBUF	set	19
   232  0014                     _SSPCON	set	20
   233  0008                     _PORTD	set	8
   234  0063                     _SSPIF	set	99
   235  005E                     _PEIE	set	94
   236  005F                     _GIE	set	95
   237  0094                     _SSPSTAT	set	148
   238  0093                     _SSPADD	set	147
   239  0091                     _SSPCON2	set	145
   240  0088                     _TRISD	set	136
   241  0463                     _SSPIE	set	1123
   242  048C                     _ACKEN	set	1164
   243  048D                     _ACKDT	set	1165
   244  048B                     _RCEN	set	1163
   245  048A                     _PEN	set	1162
   246  0489                     _RSEN	set	1161
   247  0488                     _SEN	set	1160
   248  043C                     _TRISC4	set	1084
   249  043B                     _TRISC3	set	1083
   250                           
   251                           ; #config settings
   252  0000                     
   253                           	psect	cinit
   254  07FC                     start_initialization:	
   255  07FC                     __initialization:	
   256  07FC                     end_of_initialization:	
   257                           ;End of C runtime variable initialization code
   258                           
   259  07FC                     __end_of__initialization:	
   260  07FC  0183               	clrf	3
   261  07FD  120A  118A  2F5E   	ljmp	_main	;jump to C main() function
   262                           
   263                           	psect	cstackCOMMON
   264  0070                     __pcstackCOMMON:	
   265  0070                     ?_I2C_Master_Start:	
   266  0070                     ??_I2C_Master_Start:	
   267                           ; 1 bytes @ 0x0
   268                           
   269  0070                     ?_I2C_Master_Write:	
   270                           ; 1 bytes @ 0x0
   271                           
   272  0070                     ?_I2C_Master_Stop:	
   273                           ; 1 bytes @ 0x0
   274                           
   275  0070                     ??_I2C_Master_Stop:	
   276                           ; 1 bytes @ 0x0
   277                           
   278  0070                     ?_main:	
   279                           ; 1 bytes @ 0x0
   280                           
   281  0070                     ?_I2C_Master_Wait:	
   282                           ; 1 bytes @ 0x0
   283                           
   284  0070                     ??_I2C_Master_Wait:	
   285                           ; 1 bytes @ 0x0
   286                           
   287  0070                     ?_I2C_Master_Read:	
   288                           ; 1 bytes @ 0x0
   289                           
   290  0070                     ?___lldiv:	
   291                           ; 2 bytes @ 0x0
   292                           
   293  0070                     I2C_Master_Write@d:	
   294                           ; 4 bytes @ 0x0
   295                           
   296  0070                     I2C_Master_Read@a:	
   297                           ; 2 bytes @ 0x0
   298                           
   299  0070                     ___lldiv@divisor:	
   300                           ; 2 bytes @ 0x0
   301                           
   302                           
   303                           ; 4 bytes @ 0x0
   304  0070                     	ds	2
   305  0072                     ??_I2C_Master_Write:	
   306  0072                     ??_I2C_Master_Read:	
   307                           ; 1 bytes @ 0x2
   308                           
   309                           
   310                           ; 1 bytes @ 0x2
   311  0072                     	ds	2
   312  0074                     I2C_Master_Read@temp:	
   313  0074                     ___lldiv@dividend:	
   314                           ; 2 bytes @ 0x4
   315                           
   316                           
   317                           ; 4 bytes @ 0x4
   318  0074                     	ds	4
   319  0078                     ??___lldiv:	
   320                           
   321                           ; 1 bytes @ 0x8
   322  0078                     	ds	1
   323  0079                     ___lldiv@quotient:	
   324                           
   325                           ; 4 bytes @ 0x9
   326  0079                     	ds	4
   327  007D                     ___lldiv@counter:	
   328                           
   329                           ; 1 bytes @ 0xD
   330  007D                     	ds	1
   331                           
   332                           	psect	cstackBANK0
   333  0020                     __pcstackBANK0:	
   334  0020                     ?_I2C_Master_Init:	
   335  0020                     I2C_Master_Init@c:	
   336                           ; 1 bytes @ 0x0
   337                           
   338                           
   339                           ; 4 bytes @ 0x0
   340  0020                     	ds	4
   341  0024                     ??_I2C_Master_Init:	
   342                           
   343                           ; 1 bytes @ 0x4
   344  0024                     	ds	4
   345  0028                     ??_main:	
   346                           
   347                           ; 1 bytes @ 0x8
   348  0028                     	ds	3
   349                           
   350                           	psect	maintext
   351  075E                     __pmaintext:	
   352 ;;
   353 ;;Main: autosize = 0, tempsize = 3, incstack = 0, save=0
   354 ;;
   355 ;; *************** function _main *****************
   356 ;; Defined at:
   357 ;;		line 12 in file "I2C.c"
   358 ;; Parameters:    Size  Location     Type
   359 ;;		None
   360 ;; Auto vars:     Size  Location     Type
   361 ;;		None
   362 ;; Return value:  Size  Location     Type
   363 ;;                  1    wreg      void 
   364 ;; Registers used:
   365 ;;		wreg, status,2, status,0, pclath, cstack
   366 ;; Tracked objects:
   367 ;;		On entry : B00/0
   368 ;;		On exit  : 0/0
   369 ;;		Unchanged: 0/0
   370 ;; Data sizes:     COMMON   BANK0   BANK1   BANK3   BANK2
   371 ;;      Params:         0       0       0       0       0
   372 ;;      Locals:         0       0       0       0       0
   373 ;;      Temps:          0       3       0       0       0
   374 ;;      Totals:         0       3       0       0       0
   375 ;;Total ram usage:        3 bytes
   376 ;; Hardware stack levels required when called:    2
   377 ;; This function calls:
   378 ;;		_I2C_Master_Init
   379 ;;		_I2C_Master_Read
   380 ;;		_I2C_Master_Start
   381 ;;		_I2C_Master_Stop
   382 ;;		_I2C_Master_Write
   383 ;; This function is called by:
   384 ;;		Startup code after reset
   385 ;; This function uses a non-reentrant model
   386 ;;
   387                           
   388                           
   389                           ;psect for function _main
   390  075E                     _main:	
   391                           
   392                           ;I2C.c: 17:     TRISD = 0x00;
   393                           
   394                           ;incstack = 0
   395                           ; Regs used in _main: [wreg+status,2+status,0+pclath+cstack]
   396  075E  1683               	bsf	3,5	;RP0=1, select bank1
   397  075F  1303               	bcf	3,6	;RP1=0, select bank1
   398  0760  0188               	clrf	8	;volatile
   399                           
   400                           ;I2C.c: 19:     I2C_Master_Init(100000);
   401  0761  3000               	movlw	0
   402  0762  1283               	bcf	3,5	;RP0=0, select bank0
   403  0763  1303               	bcf	3,6	;RP1=0, select bank0
   404  0764  00A3               	movwf	I2C_Master_Init@c+3
   405  0765  3001               	movlw	1
   406  0766  00A2               	movwf	I2C_Master_Init@c+2
   407  0767  3086               	movlw	134
   408  0768  00A1               	movwf	I2C_Master_Init@c+1
   409  0769  30A0               	movlw	160
   410  076A  00A0               	movwf	I2C_Master_Init@c
   411  076B  120A  118A  2728  120A  118A  	fcall	_I2C_Master_Init
   412  0770                     l837:	
   413                           
   414                           ;I2C.c: 22:     {;I2C.c: 23:       I2C_Master_Start();
   415  0770  120A  118A  26DD  120A  118A  	fcall	_I2C_Master_Start
   416                           
   417                           ;I2C.c: 24:       I2C_Master_Write(0x41);
   418  0775  3041               	movlw	65
   419  0776  00F0               	movwf	I2C_Master_Write@d
   420  0777  3000               	movlw	0
   421  0778  00F1               	movwf	I2C_Master_Write@d+1
   422  0779  120A  118A  26EB  120A  118A  	fcall	_I2C_Master_Write
   423                           
   424                           ;I2C.c: 25:       PORTD = I2C_Master_Read(0);
   425  077E  3000               	movlw	0
   426  077F  00F0               	movwf	I2C_Master_Read@a
   427  0780  00F1               	movwf	I2C_Master_Read@a+1
   428  0781  120A  118A  26FC  120A  118A  	fcall	_I2C_Master_Read
   429  0786  0870               	movf	?_I2C_Master_Read,w
   430  0787  1283               	bcf	3,5	;RP0=0, select bank0
   431  0788  1303               	bcf	3,6	;RP1=0, select bank0
   432  0789  0088               	movwf	8	;volatile
   433                           
   434                           ;I2C.c: 26:       I2C_Master_Stop();
   435  078A  120A  118A  26E4  120A  118A  	fcall	_I2C_Master_Stop
   436                           
   437                           ;I2C.c: 27:       _delay((unsigned long)((100)*(20000000/4000.0)));
   438  078F  3003               	movlw	3
   439  0790  1283               	bcf	3,5	;RP0=0, select bank0
   440  0791  1303               	bcf	3,6	;RP1=0, select bank0
   441  0792  00AA               	movwf	??_main+2
   442  0793  308A               	movlw	138
   443  0794  00A9               	movwf	??_main+1
   444  0795  3055               	movlw	85
   445  0796  00A8               	movwf	??_main
   446  0797                     u237:	
   447  0797  0BA8               	decfsz	??_main,f
   448  0798  2F97               	goto	u237
   449  0799  0BA9               	decfsz	??_main+1,f
   450  079A  2F97               	goto	u237
   451  079B  0BAA               	decfsz	??_main+2,f
   452  079C  2F97               	goto	u237
   453  079D  2F70               	goto	l837
   454  079E                     __end_of_main:	
   455                           
   456                           	psect	text1
   457  06EB                     __ptext1:	
   458 ;; *************** function _I2C_Master_Write *****************
   459 ;; Defined at:
   460 ;;		line 32 in file "I2C_lib.c"
   461 ;; Parameters:    Size  Location     Type
   462 ;;  d               2    0[COMMON] unsigned int 
   463 ;; Auto vars:     Size  Location     Type
   464 ;;		None
   465 ;; Return value:  Size  Location     Type
   466 ;;                  1    wreg      void 
   467 ;; Registers used:
   468 ;;		wreg, status,2, status,0, pclath, cstack
   469 ;; Tracked objects:
   470 ;;		On entry : 0/0
   471 ;;		On exit  : 0/0
   472 ;;		Unchanged: 0/0
   473 ;; Data sizes:     COMMON   BANK0   BANK1   BANK3   BANK2
   474 ;;      Params:         2       0       0       0       0
   475 ;;      Locals:         0       0       0       0       0
   476 ;;      Temps:          0       0       0       0       0
   477 ;;      Totals:         2       0       0       0       0
   478 ;;Total ram usage:        2 bytes
   479 ;; Hardware stack levels used:    1
   480 ;; Hardware stack levels required when called:    1
   481 ;; This function calls:
   482 ;;		_I2C_Master_Wait
   483 ;; This function is called by:
   484 ;;		_main
   485 ;; This function uses a non-reentrant model
   486 ;;
   487                           
   488                           
   489                           ;psect for function _I2C_Master_Write
   490  06EB                     _I2C_Master_Write:	
   491                           
   492                           ;I2C_lib.c: 32: void I2C_Master_Write(unsigned d);I2C_lib.c: 33: {;I2C_lib.c: 34:   I2C_
      +                          Master_Wait();
   493                           
   494                           ;incstack = 0
   495                           ; Regs used in _I2C_Master_Write: [wreg+status,2+status,0+pclath+cstack]
   496  06EB  120A  118A  26F3   	fcall	_I2C_Master_Wait
   497                           
   498                           ;I2C_lib.c: 35:   SSPBUF = d;
   499  06EE  0870               	movf	I2C_Master_Write@d,w
   500  06EF  1283               	bcf	3,5	;RP0=0, select bank0
   501  06F0  1303               	bcf	3,6	;RP1=0, select bank0
   502  06F1  0093               	movwf	19	;volatile
   503  06F2  0008               	return
   504  06F3                     __end_of_I2C_Master_Write:	
   505                           
   506                           	psect	text2
   507  06E4                     __ptext2:	
   508 ;; *************** function _I2C_Master_Stop *****************
   509 ;; Defined at:
   510 ;;		line 27 in file "I2C_lib.c"
   511 ;; Parameters:    Size  Location     Type
   512 ;;		None
   513 ;; Auto vars:     Size  Location     Type
   514 ;;		None
   515 ;; Return value:  Size  Location     Type
   516 ;;                  1    wreg      void 
   517 ;; Registers used:
   518 ;;		wreg, status,2, status,0, pclath, cstack
   519 ;; Tracked objects:
   520 ;;		On entry : 0/0
   521 ;;		On exit  : 0/0
   522 ;;		Unchanged: 0/0
   523 ;; Data sizes:     COMMON   BANK0   BANK1   BANK3   BANK2
   524 ;;      Params:         0       0       0       0       0
   525 ;;      Locals:         0       0       0       0       0
   526 ;;      Temps:          0       0       0       0       0
   527 ;;      Totals:         0       0       0       0       0
   528 ;;Total ram usage:        0 bytes
   529 ;; Hardware stack levels used:    1
   530 ;; Hardware stack levels required when called:    1
   531 ;; This function calls:
   532 ;;		_I2C_Master_Wait
   533 ;; This function is called by:
   534 ;;		_main
   535 ;; This function uses a non-reentrant model
   536 ;;
   537                           
   538                           
   539                           ;psect for function _I2C_Master_Stop
   540  06E4                     _I2C_Master_Stop:	
   541                           
   542                           ;I2C_lib.c: 29:   I2C_Master_Wait();
   543                           
   544                           ;incstack = 0
   545                           ; Regs used in _I2C_Master_Stop: [wreg+status,2+status,0+pclath+cstack]
   546  06E4  120A  118A  26F3   	fcall	_I2C_Master_Wait
   547                           
   548                           ;I2C_lib.c: 30:   PEN = 1;
   549  06E7  1683               	bsf	3,5	;RP0=1, select bank1
   550  06E8  1303               	bcf	3,6	;RP1=0, select bank1
   551  06E9  1511               	bsf	17,2	;volatile
   552  06EA  0008               	return
   553  06EB                     __end_of_I2C_Master_Stop:	
   554                           
   555                           	psect	text3
   556  06DD                     __ptext3:	
   557 ;; *************** function _I2C_Master_Start *****************
   558 ;; Defined at:
   559 ;;		line 17 in file "I2C_lib.c"
   560 ;; Parameters:    Size  Location     Type
   561 ;;		None
   562 ;; Auto vars:     Size  Location     Type
   563 ;;		None
   564 ;; Return value:  Size  Location     Type
   565 ;;                  1    wreg      void 
   566 ;; Registers used:
   567 ;;		wreg, status,2, status,0, pclath, cstack
   568 ;; Tracked objects:
   569 ;;		On entry : 0/0
   570 ;;		On exit  : 0/0
   571 ;;		Unchanged: 0/0
   572 ;; Data sizes:     COMMON   BANK0   BANK1   BANK3   BANK2
   573 ;;      Params:         0       0       0       0       0
   574 ;;      Locals:         0       0       0       0       0
   575 ;;      Temps:          0       0       0       0       0
   576 ;;      Totals:         0       0       0       0       0
   577 ;;Total ram usage:        0 bytes
   578 ;; Hardware stack levels used:    1
   579 ;; Hardware stack levels required when called:    1
   580 ;; This function calls:
   581 ;;		_I2C_Master_Wait
   582 ;; This function is called by:
   583 ;;		_main
   584 ;; This function uses a non-reentrant model
   585 ;;
   586                           
   587                           
   588                           ;psect for function _I2C_Master_Start
   589  06DD                     _I2C_Master_Start:	
   590                           
   591                           ;I2C_lib.c: 19:   I2C_Master_Wait();
   592                           
   593                           ;incstack = 0
   594                           ; Regs used in _I2C_Master_Start: [wreg+status,2+status,0+pclath+cstack]
   595  06DD  120A  118A  26F3   	fcall	_I2C_Master_Wait
   596                           
   597                           ;I2C_lib.c: 20:   SEN = 1;
   598  06E0  1683               	bsf	3,5	;RP0=1, select bank1
   599  06E1  1303               	bcf	3,6	;RP1=0, select bank1
   600  06E2  1411               	bsf	17,0	;volatile
   601  06E3  0008               	return
   602  06E4                     __end_of_I2C_Master_Start:	
   603                           
   604                           	psect	text4
   605  06FC                     __ptext4:	
   606 ;; *************** function _I2C_Master_Read *****************
   607 ;; Defined at:
   608 ;;		line 37 in file "I2C_lib.c"
   609 ;; Parameters:    Size  Location     Type
   610 ;;  a               2    0[COMMON] unsigned short 
   611 ;; Auto vars:     Size  Location     Type
   612 ;;  temp            2    4[COMMON] unsigned short 
   613 ;; Return value:  Size  Location     Type
   614 ;;                  2    0[COMMON] unsigned short 
   615 ;; Registers used:
   616 ;;		wreg, status,2, status,0, pclath, cstack
   617 ;; Tracked objects:
   618 ;;		On entry : 0/0
   619 ;;		On exit  : 0/0
   620 ;;		Unchanged: 0/0
   621 ;; Data sizes:     COMMON   BANK0   BANK1   BANK3   BANK2
   622 ;;      Params:         2       0       0       0       0
   623 ;;      Locals:         2       0       0       0       0
   624 ;;      Temps:          2       0       0       0       0
   625 ;;      Totals:         6       0       0       0       0
   626 ;;Total ram usage:        6 bytes
   627 ;; Hardware stack levels used:    1
   628 ;; Hardware stack levels required when called:    1
   629 ;; This function calls:
   630 ;;		_I2C_Master_Wait
   631 ;; This function is called by:
   632 ;;		_main
   633 ;; This function uses a non-reentrant model
   634 ;;
   635                           
   636                           
   637                           ;psect for function _I2C_Master_Read
   638  06FC                     _I2C_Master_Read:	
   639                           
   640                           ;I2C_lib.c: 37: unsigned short I2C_Master_Read(unsigned short a);I2C_lib.c: 38: {;I2C_li
      +                          b.c: 39:   unsigned short temp;;I2C_lib.c: 40:   I2C_Master_Wait();
   641                           
   642                           ;incstack = 0
   643                           ; Regs used in _I2C_Master_Read: [wreg+status,2+status,0+pclath+cstack]
   644  06FC  120A  118A  26F3  120A  118A  	fcall	_I2C_Master_Wait
   645                           
   646                           ;I2C_lib.c: 41:   RCEN = 1;
   647  0701  1683               	bsf	3,5	;RP0=1, select bank1
   648  0702  1303               	bcf	3,6	;RP1=0, select bank1
   649  0703  1591               	bsf	17,3	;volatile
   650                           
   651                           ;I2C_lib.c: 42:   I2C_Master_Wait();
   652  0704  120A  118A  26F3  120A  118A  	fcall	_I2C_Master_Wait
   653                           
   654                           ;I2C_lib.c: 43:   temp = SSPBUF;
   655  0709  1283               	bcf	3,5	;RP0=0, select bank0
   656  070A  1303               	bcf	3,6	;RP1=0, select bank0
   657  070B  0813               	movf	19,w	;volatile
   658  070C  00F2               	movwf	??_I2C_Master_Read
   659  070D  01F3               	clrf	??_I2C_Master_Read+1
   660  070E  0872               	movf	??_I2C_Master_Read,w
   661  070F  00F4               	movwf	I2C_Master_Read@temp
   662  0710  0873               	movf	??_I2C_Master_Read+1,w
   663  0711  00F5               	movwf	I2C_Master_Read@temp+1
   664                           
   665                           ;I2C_lib.c: 44:   I2C_Master_Wait();
   666  0712  120A  118A  26F3  120A  118A  	fcall	_I2C_Master_Wait
   667                           
   668                           ;I2C_lib.c: 45:   ACKDT = (a)?0:1;
   669  0717  0870               	movf	I2C_Master_Read@a,w
   670  0718  0471               	iorwf	I2C_Master_Read@a+1,w
   671  0719  1D03               	btfss	3,2
   672  071A  2F1F               	goto	u210
   673  071B  1683               	bsf	3,5	;RP0=1, select bank1
   674  071C  1303               	bcf	3,6	;RP1=0, select bank1
   675  071D  1691               	bsf	17,5	;volatile
   676  071E  2F22               	goto	l827
   677  071F                     u210:	
   678  071F  1683               	bsf	3,5	;RP0=1, select bank1
   679  0720  1303               	bcf	3,6	;RP1=0, select bank1
   680  0721  1291               	bcf	17,5	;volatile
   681  0722                     l827:	
   682                           
   683                           ;I2C_lib.c: 46:   ACKEN = 1;
   684  0722  1611               	bsf	17,4	;volatile
   685                           
   686                           ;I2C_lib.c: 47:   return temp;
   687  0723  0875               	movf	I2C_Master_Read@temp+1,w
   688  0724  00F1               	movwf	?_I2C_Master_Read+1
   689  0725  0874               	movf	I2C_Master_Read@temp,w
   690  0726  00F0               	movwf	?_I2C_Master_Read
   691  0727  0008               	return
   692  0728                     __end_of_I2C_Master_Read:	
   693                           
   694                           	psect	text5
   695  06F3                     __ptext5:	
   696 ;; *************** function _I2C_Master_Wait *****************
   697 ;; Defined at:
   698 ;;		line 13 in file "I2C_lib.c"
   699 ;; Parameters:    Size  Location     Type
   700 ;;		None
   701 ;; Auto vars:     Size  Location     Type
   702 ;;		None
   703 ;; Return value:  Size  Location     Type
   704 ;;                  1    wreg      void 
   705 ;; Registers used:
   706 ;;		wreg, status,2
   707 ;; Tracked objects:
   708 ;;		On entry : 0/0
   709 ;;		On exit  : 0/0
   710 ;;		Unchanged: 0/0
   711 ;; Data sizes:     COMMON   BANK0   BANK1   BANK3   BANK2
   712 ;;      Params:         0       0       0       0       0
   713 ;;      Locals:         0       0       0       0       0
   714 ;;      Temps:          0       0       0       0       0
   715 ;;      Totals:         0       0       0       0       0
   716 ;;Total ram usage:        0 bytes
   717 ;; Hardware stack levels used:    1
   718 ;; This function calls:
   719 ;;		Nothing
   720 ;; This function is called by:
   721 ;;		_I2C_Master_Start
   722 ;;		_I2C_Master_Stop
   723 ;;		_I2C_Master_Write
   724 ;;		_I2C_Master_Read
   725 ;;		_I2C_Master_RepeatedStart
   726 ;; This function uses a non-reentrant model
   727 ;;
   728                           
   729                           
   730                           ;psect for function _I2C_Master_Wait
   731  06F3                     _I2C_Master_Wait:	
   732  06F3                     l64:	
   733                           ;I2C_lib.c: 15:   while ((SSPSTAT & 0x04) || (SSPCON2 & 0x1F));
   734                           
   735                           ;incstack = 0
   736                           ; Regs used in _I2C_Master_Wait: [wreg+status,2]
   737                           
   738  06F3  1683               	bsf	3,5	;RP0=1, select bank1
   739  06F4  1303               	bcf	3,6	;RP1=0, select bank1
   740  06F5  1914               	btfsc	20,2	;volatile
   741  06F6  2EF3               	goto	l64
   742  06F7  0811               	movf	17,w	;volatile
   743  06F8  391F               	andlw	31
   744  06F9  1903               	btfsc	3,2
   745  06FA  0008               	return
   746  06FB  2EF3               	goto	l64
   747  06FC                     __end_of_I2C_Master_Wait:	
   748                           
   749                           	psect	text6
   750  0728                     __ptext6:	
   751 ;; *************** function _I2C_Master_Init *****************
   752 ;; Defined at:
   753 ;;		line 4 in file "I2C_lib.c"
   754 ;; Parameters:    Size  Location     Type
   755 ;;  c               4    0[BANK0 ] const unsigned long 
   756 ;; Auto vars:     Size  Location     Type
   757 ;;		None
   758 ;; Return value:  Size  Location     Type
   759 ;;                  1    wreg      void 
   760 ;; Registers used:
   761 ;;		wreg, status,2, status,0, pclath, cstack
   762 ;; Tracked objects:
   763 ;;		On entry : 0/0
   764 ;;		On exit  : 0/0
   765 ;;		Unchanged: 0/0
   766 ;; Data sizes:     COMMON   BANK0   BANK1   BANK3   BANK2
   767 ;;      Params:         0       4       0       0       0
   768 ;;      Locals:         0       0       0       0       0
   769 ;;      Temps:          0       4       0       0       0
   770 ;;      Totals:         0       8       0       0       0
   771 ;;Total ram usage:        8 bytes
   772 ;; Hardware stack levels used:    1
   773 ;; Hardware stack levels required when called:    1
   774 ;; This function calls:
   775 ;;		___lldiv
   776 ;; This function is called by:
   777 ;;		_main
   778 ;; This function uses a non-reentrant model
   779 ;;
   780                           
   781                           
   782                           ;psect for function _I2C_Master_Init
   783  0728                     _I2C_Master_Init:	
   784                           
   785                           ;I2C_lib.c: 4: void I2C_Master_Init(const unsigned long c);I2C_lib.c: 5: {;I2C_lib.c: 6:
      +                             SSPCON = 0b00101000;
   786                           
   787                           ;incstack = 0
   788                           ; Regs used in _I2C_Master_Init: [wreg+status,2+status,0+pclath+cstack]
   789  0728  3028               	movlw	40
   790  0729  1283               	bcf	3,5	;RP0=0, select bank0
   791  072A  1303               	bcf	3,6	;RP1=0, select bank0
   792  072B  0094               	movwf	20	;volatile
   793                           
   794                           ;I2C_lib.c: 7:   SSPCON2 = 0;
   795  072C  1683               	bsf	3,5	;RP0=1, select bank1
   796  072D  1303               	bcf	3,6	;RP1=0, select bank1
   797  072E  0191               	clrf	17	;volatile
   798                           
   799                           ;I2C_lib.c: 8:   SSPADD = (20000000/(4*c))-1;
   800  072F  1283               	bcf	3,5	;RP0=0, select bank0
   801  0730  1303               	bcf	3,6	;RP1=0, select bank0
   802  0731  0820               	movf	I2C_Master_Init@c,w
   803  0732  00A4               	movwf	??_I2C_Master_Init
   804  0733  0821               	movf	I2C_Master_Init@c+1,w
   805  0734  00A5               	movwf	??_I2C_Master_Init+1
   806  0735  0822               	movf	I2C_Master_Init@c+2,w
   807  0736  00A6               	movwf	??_I2C_Master_Init+2
   808  0737  0823               	movf	I2C_Master_Init@c+3,w
   809  0738  00A7               	movwf	??_I2C_Master_Init+3
   810  0739  3002               	movlw	2
   811  073A                     u205:	
   812  073A  1003               	clrc
   813  073B  0DA4               	rlf	??_I2C_Master_Init,f
   814  073C  0DA5               	rlf	??_I2C_Master_Init+1,f
   815  073D  0DA6               	rlf	??_I2C_Master_Init+2,f
   816  073E  0DA7               	rlf	??_I2C_Master_Init+3,f
   817  073F  3EFF               	addlw	-1
   818  0740  1D03               	skipz
   819  0741  2F3A               	goto	u205
   820  0742  0827               	movf	??_I2C_Master_Init+3,w
   821  0743  00F3               	movwf	___lldiv@divisor+3
   822  0744  0826               	movf	??_I2C_Master_Init+2,w
   823  0745  00F2               	movwf	___lldiv@divisor+2
   824  0746  0825               	movf	??_I2C_Master_Init+1,w
   825  0747  00F1               	movwf	___lldiv@divisor+1
   826  0748  0824               	movf	??_I2C_Master_Init,w
   827  0749  00F0               	movwf	___lldiv@divisor
   828  074A  3001               	movlw	1
   829  074B  00F7               	movwf	___lldiv@dividend+3
   830  074C  3031               	movlw	49
   831  074D  00F6               	movwf	___lldiv@dividend+2
   832  074E  302D               	movlw	45
   833  074F  00F5               	movwf	___lldiv@dividend+1
   834  0750  3000               	movlw	0
   835  0751  00F4               	movwf	___lldiv@dividend
   836  0752  120A  118A  279E   	fcall	___lldiv
   837  0755  0870               	movf	?___lldiv,w
   838  0756  3EFF               	addlw	255
   839  0757  1683               	bsf	3,5	;RP0=1, select bank1
   840  0758  1303               	bcf	3,6	;RP1=0, select bank1
   841  0759  0093               	movwf	19	;volatile
   842                           
   843                           ;I2C_lib.c: 9:   SSPSTAT = 0;
   844  075A  0194               	clrf	20	;volatile
   845                           
   846                           ;I2C_lib.c: 10:   TRISC3 = 1;
   847  075B  1587               	bsf	7,3	;volatile
   848                           
   849                           ;I2C_lib.c: 11:   TRISC4 = 1;
   850  075C  1607               	bsf	7,4	;volatile
   851  075D  0008               	return
   852  075E                     __end_of_I2C_Master_Init:	
   853                           
   854                           	psect	text7
   855  079E                     __ptext7:	
   856 ;; *************** function ___lldiv *****************
   857 ;; Defined at:
   858 ;;		line 5 in file "D:\PROGRAM\XC8 v2.05\pic\sources\c90\common\__lldiv.c"
   859 ;; Parameters:    Size  Location     Type
   860 ;;  divisor         4    0[COMMON] unsigned long 
   861 ;;  dividend        4    4[COMMON] unsigned long 
   862 ;; Auto vars:     Size  Location     Type
   863 ;;  quotient        4    9[COMMON] unsigned long 
   864 ;;  counter         1   13[COMMON] unsigned char 
   865 ;; Return value:  Size  Location     Type
   866 ;;                  4    0[COMMON] unsigned long 
   867 ;; Registers used:
   868 ;;		wreg, status,2, status,0
   869 ;; Tracked objects:
   870 ;;		On entry : 0/0
   871 ;;		On exit  : 0/0
   872 ;;		Unchanged: 0/0
   873 ;; Data sizes:     COMMON   BANK0   BANK1   BANK3   BANK2
   874 ;;      Params:         8       0       0       0       0
   875 ;;      Locals:         5       0       0       0       0
   876 ;;      Temps:          1       0       0       0       0
   877 ;;      Totals:        14       0       0       0       0
   878 ;;Total ram usage:       14 bytes
   879 ;; Hardware stack levels used:    1
   880 ;; This function calls:
   881 ;;		Nothing
   882 ;; This function is called by:
   883 ;;		_I2C_Master_Init
   884 ;; This function uses a non-reentrant model
   885 ;;
   886                           
   887                           
   888                           ;psect for function ___lldiv
   889  079E                     ___lldiv:	
   890                           
   891                           ;incstack = 0
   892                           ; Regs used in ___lldiv: [wreg+status,2+status,0]
   893  079E  3000               	movlw	0
   894  079F  00FC               	movwf	___lldiv@quotient+3
   895  07A0  3000               	movlw	0
   896  07A1  00FB               	movwf	___lldiv@quotient+2
   897  07A2  3000               	movlw	0
   898  07A3  00FA               	movwf	___lldiv@quotient+1
   899  07A4  3000               	movlw	0
   900  07A5  00F9               	movwf	___lldiv@quotient
   901  07A6  0873               	movf	___lldiv@divisor+3,w
   902  07A7  0472               	iorwf	___lldiv@divisor+2,w
   903  07A8  0471               	iorwf	___lldiv@divisor+1,w
   904  07A9  0470               	iorwf	___lldiv@divisor,w
   905  07AA  1903               	skipnz
   906  07AB  2FF3               	goto	l797
   907  07AC  01FD               	clrf	___lldiv@counter
   908  07AD  0AFD               	incf	___lldiv@counter,f
   909  07AE                     l783:	
   910  07AE  1BF3               	btfsc	___lldiv@divisor+3,7
   911  07AF  2FBE               	goto	l785
   912  07B0  3001               	movlw	1
   913  07B1  00F8               	movwf	??___lldiv
   914  07B2                     u145:	
   915  07B2  1003               	clrc
   916  07B3  0DF0               	rlf	___lldiv@divisor,f
   917  07B4  0DF1               	rlf	___lldiv@divisor+1,f
   918  07B5  0DF2               	rlf	___lldiv@divisor+2,f
   919  07B6  0DF3               	rlf	___lldiv@divisor+3,f
   920  07B7  0BF8               	decfsz	??___lldiv,f
   921  07B8  2FB2               	goto	u145
   922  07B9  3001               	movlw	1
   923  07BA  00F8               	movwf	??___lldiv
   924  07BB  0878               	movf	??___lldiv,w
   925  07BC  07FD               	addwf	___lldiv@counter,f
   926  07BD  2FAE               	goto	l783
   927  07BE                     l785:	
   928  07BE  3001               	movlw	1
   929  07BF  00F8               	movwf	??___lldiv
   930  07C0                     u165:	
   931  07C0  1003               	clrc
   932  07C1  0DF9               	rlf	___lldiv@quotient,f
   933  07C2  0DFA               	rlf	___lldiv@quotient+1,f
   934  07C3  0DFB               	rlf	___lldiv@quotient+2,f
   935  07C4  0DFC               	rlf	___lldiv@quotient+3,f
   936  07C5  0BF8               	decfsz	??___lldiv,f
   937  07C6  2FC0               	goto	u165
   938  07C7  0873               	movf	___lldiv@divisor+3,w
   939  07C8  0277               	subwf	___lldiv@dividend+3,w
   940  07C9  1D03               	skipz
   941  07CA  2FD5               	goto	u175
   942  07CB  0872               	movf	___lldiv@divisor+2,w
   943  07CC  0276               	subwf	___lldiv@dividend+2,w
   944  07CD  1D03               	skipz
   945  07CE  2FD5               	goto	u175
   946  07CF  0871               	movf	___lldiv@divisor+1,w
   947  07D0  0275               	subwf	___lldiv@dividend+1,w
   948  07D1  1D03               	skipz
   949  07D2  2FD5               	goto	u175
   950  07D3  0870               	movf	___lldiv@divisor,w
   951  07D4  0274               	subwf	___lldiv@dividend,w
   952  07D5                     u175:	
   953  07D5  1C03               	skipc
   954  07D6  2FE6               	goto	l793
   955  07D7  0870               	movf	___lldiv@divisor,w
   956  07D8  02F4               	subwf	___lldiv@dividend,f
   957  07D9  0871               	movf	___lldiv@divisor+1,w
   958  07DA  1C03               	skipc
   959  07DB  0F71               	incfsz	___lldiv@divisor+1,w
   960  07DC  02F5               	subwf	___lldiv@dividend+1,f
   961  07DD  0872               	movf	___lldiv@divisor+2,w
   962  07DE  1C03               	skipc
   963  07DF  0F72               	incfsz	___lldiv@divisor+2,w
   964  07E0  02F6               	subwf	___lldiv@dividend+2,f
   965  07E1  0873               	movf	___lldiv@divisor+3,w
   966  07E2  1C03               	skipc
   967  07E3  0F73               	incfsz	___lldiv@divisor+3,w
   968  07E4  02F7               	subwf	___lldiv@dividend+3,f
   969  07E5  1479               	bsf	___lldiv@quotient,0
   970  07E6                     l793:	
   971  07E6  3001               	movlw	1
   972  07E7                     u185:	
   973  07E7  1003               	clrc
   974  07E8  0CF3               	rrf	___lldiv@divisor+3,f
   975  07E9  0CF2               	rrf	___lldiv@divisor+2,f
   976  07EA  0CF1               	rrf	___lldiv@divisor+1,f
   977  07EB  0CF0               	rrf	___lldiv@divisor,f
   978  07EC  3EFF               	addlw	-1
   979  07ED  1D03               	skipz
   980  07EE  2FE7               	goto	u185
   981  07EF  3001               	movlw	1
   982  07F0  02FD               	subwf	___lldiv@counter,f
   983  07F1  1D03               	btfss	3,2
   984  07F2  2FBE               	goto	l785
   985  07F3                     l797:	
   986  07F3  087C               	movf	___lldiv@quotient+3,w
   987  07F4  00F3               	movwf	?___lldiv+3
   988  07F5  087B               	movf	___lldiv@quotient+2,w
   989  07F6  00F2               	movwf	?___lldiv+2
   990  07F7  087A               	movf	___lldiv@quotient+1,w
   991  07F8  00F1               	movwf	?___lldiv+1
   992  07F9  0879               	movf	___lldiv@quotient,w
   993  07FA  00F0               	movwf	?___lldiv
   994  07FB  0008               	return
   995  07FC                     __end_of___lldiv:	
   996  007E                     btemp	set	126	;btemp
   997  007E                     wtemp0	set	126


Data Sizes:
    Strings     0
    Constant    0
    Data        0
    BSS         0
    Persistent  0
    Stack       0

Auto Spaces:
    Space          Size  Autos    Used
    COMMON           14     14      14
    BANK0            80     11      11
    BANK1            80      0       0
    BANK3            96      0       0
    BANK2            96      0       0

Pointer List with Targets:

    None.

Critical Paths under _main in COMMON

    _I2C_Master_Init->___lldiv

Critical Paths under _main in BANK0

    _main->_I2C_Master_Init

Critical Paths under _main in BANK1

    None.

Critical Paths under _main in BANK3

    None.

Critical Paths under _main in BANK2

    None.

Call Graph Tables:

 ---------------------------------------------------------------------------------
 (Depth) Function   	        Calls       Base Space   Used Autos Params    Refs
 ---------------------------------------------------------------------------------
 (0) _main                                                 3     3      0     631
                                              8 BANK0      3     3      0
                    _I2C_Master_Init
                    _I2C_Master_Read
                   _I2C_Master_Start
                    _I2C_Master_Stop
                   _I2C_Master_Write
 ---------------------------------------------------------------------------------
 (1) _I2C_Master_Write                                     2     0      2      98
                                              0 COMMON     2     0      2
                    _I2C_Master_Wait
 ---------------------------------------------------------------------------------
 (1) _I2C_Master_Stop                                      0     0      0       0
                    _I2C_Master_Wait
 ---------------------------------------------------------------------------------
 (1) _I2C_Master_Start                                     0     0      0       0
                    _I2C_Master_Wait
 ---------------------------------------------------------------------------------
 (1) _I2C_Master_Read                                      6     4      2     121
                                              0 COMMON     6     4      2
                    _I2C_Master_Wait
 ---------------------------------------------------------------------------------
 (2) _I2C_Master_Wait                                      0     0      0       0
 ---------------------------------------------------------------------------------
 (1) _I2C_Master_Init                                      8     4      4     412
                                              0 BANK0      8     4      4
                            ___lldiv
 ---------------------------------------------------------------------------------
 (2) ___lldiv                                             14     6      8     314
                                              0 COMMON    14     6      8
 ---------------------------------------------------------------------------------
 Estimated maximum stack depth 2
 ---------------------------------------------------------------------------------

 Call Graph Graphs:

 _main (ROOT)
   _I2C_Master_Init
     ___lldiv
   _I2C_Master_Read
     _I2C_Master_Wait
   _I2C_Master_Start
     _I2C_Master_Wait
   _I2C_Master_Stop
     _I2C_Master_Wait
   _I2C_Master_Write
     _I2C_Master_Wait

 Address spaces:
Name               Size   Autos  Total    Cost      Usage
BITCOMMON            E      0       0       0        0.0%
EEDATA             100      0       0       0        0.0%
NULL                 0      0       0       0        0.0%
CODE                 0      0       0       0        0.0%
COMMON               E      E       E       1      100.0%
BITSFR0              0      0       0       1        0.0%
SFR0                 0      0       0       1        0.0%
BITSFR1              0      0       0       2        0.0%
SFR1                 0      0       0       2        0.0%
STACK                0      0       0       2        0.0%
ABS                  0      0       0       3        0.0%
BITBANK0            50      0       0       4        0.0%
BITSFR3              0      0       0       4        0.0%
SFR3                 0      0       0       4        0.0%
BANK0               50      B       B       5       13.8%
BITSFR2              0      0       0       5        0.0%
SFR2                 0      0       0       5        0.0%
BITBANK1            50      0       0       6        0.0%
BANK1               50      0       0       7        0.0%
BITBANK3            60      0       0       8        0.0%
BANK3               60      0       0       9        0.0%
BITBANK2            60      0       0      10        0.0%
BANK2               60      0       0      11        0.0%
DATA                 0      0       0      12        0.0%


Microchip Technology PIC Macro Assembler V2.05 build -831301201 
Symbol Table                                                                                   Mon May 27 23:39:39 2019

              __CFG_CP$OFF 0000                         l64 06F3                        l827 0722  
                      l837 0770                        l783 07AE                        l793 07E6  
                      l785 07BE                        l797 07F3                        _GIE 005F  
                      u210 071F                        u205 073A                        u145 07B2  
                      u165 07C0                        u237 0797                        u175 07D5  
                      _PEN 048A                        u185 07E7               __CFG_CPD$OFF 0000  
                      _SEN 0488               __CFG_FOSC$HS 0000               __CFG_LVP$OFF 0000  
                     _PEIE 005E                       _RCEN 048B                       _RSEN 0489  
             __CFG_WRT$OFF 0000                       _main 075E                       btemp 007E  
                     start 0000           ?_I2C_Master_Init 0020           ?_I2C_Master_Read 0070  
         ?_I2C_Master_Wait 0070           ?_I2C_Master_Stop 0070                      ?_main 0070  
                    _ACKEN 048C                      _ACKDT 048D              __CFG_WDTE$OFF 0000  
          __end_of___lldiv 07FC                      _PORTD 0008                      _TRISD 0088  
                    _SSPIE 0463                      _SSPIF 0063             __CFG_BOREN$OFF 0000  
                    status 0003                      wtemp0 007E            __initialization 07FC  
             __end_of_main 079E                     ??_main 0028          ?_I2C_Master_Start 0070  
        ?_I2C_Master_Write 0070         ??_I2C_Master_Start 0070         ??_I2C_Master_Write 0072  
                   _SSPADD 0093                     _TRISC3 043B                     _TRISC4 043C  
                   _SSPCON 0014                     _SSPBUF 0013             __CFG_PWRTE$OFF 0000  
                ??___lldiv 0078    __end_of__initialization 07FC             __pcstackCOMMON 0070  
               __pmaintext 075E                    _SSPCON2 0091                    _SSPSTAT 0094  
                  ___lldiv 079E                    __ptext1 06EB                    __ptext2 06E4  
                  __ptext3 06DD                    __ptext4 06FC                    __ptext5 06F3  
                  __ptext6 0728                    __ptext7 079E   __size_of_I2C_Master_Init 0036  
 __size_of_I2C_Master_Read 002C   __size_of_I2C_Master_Wait 0009   __size_of_I2C_Master_Stop 0007  
     end_of_initialization 07FC  __size_of_I2C_Master_Start 0007  __size_of_I2C_Master_Write 0008  
          ___lldiv@divisor 0070            ___lldiv@counter 007D           I2C_Master_Init@c 0020  
         I2C_Master_Read@a 0070        start_initialization 07FC          ??_I2C_Master_Init 0024  
        ??_I2C_Master_Read 0072          ??_I2C_Master_Wait 0070          ??_I2C_Master_Stop 0070  
                ___latbits 0002              __pcstackBANK0 0020           _I2C_Master_Start 06DD  
         _I2C_Master_Write 06EB                   ?___lldiv 0070        I2C_Master_Read@temp 0074  
         __size_of___lldiv 005E            _I2C_Master_Init 0728            _I2C_Master_Read 06FC  
          _I2C_Master_Wait 06F3            _I2C_Master_Stop 06E4              __size_of_main 0040  
 __end_of_I2C_Master_Start 06E4   __end_of_I2C_Master_Write 06F3           ___lldiv@dividend 0074  
  __end_of_I2C_Master_Init 075E    __end_of_I2C_Master_Read 0728    __end_of_I2C_Master_Wait 06FC  
  __end_of_I2C_Master_Stop 06EB           ___lldiv@quotient 0079          I2C_Master_Write@d 0070  
